
> telegram-bot-sitepoint@1.0.0 start /home/pi/breathe_together
> node src/app.js

Tue, 28 Apr 2020 22:23:25 GMT node-telegram-bot-api deprecated Automatic enabling of cancellation of promises is deprecated.
In the future, you will have to enable it yourself.
See https://github.com/yagop/node-telegram-bot-api/issues/319. at internal/modules/cjs/loader.js:778:30

> telegram-bot-sitepoint@1.0.0 start /home/pi/breathe_together
> node src/app.js

Tue, 28 Apr 2020 22:23:51 GMT node-telegram-bot-api deprecated Automatic enabling of cancellation of promises is deprecated.
In the future, you will have to enable it yourself.
See https://github.com/yagop/node-telegram-bot-api/issues/319. at internal/modules/cjs/loader.js:778:30
{ Error: ETELEGRAM: 409 Conflict: terminated by other getUpdates request; make sure that only one bot instance is running
    at request.then.resp (/home/pi/breathe_together/node_modules/node-telegram-bot-api/src/telegram.js:280:15)
    at tryCatcher (/home/pi/breathe_together/node_modules/bluebird/js/release/util.js:16:23)
    at Promise._settlePromiseFromHandler (/home/pi/breathe_together/node_modules/bluebird/js/release/promise.js:547:31)
    at Promise._settlePromise (/home/pi/breathe_together/node_modules/bluebird/js/release/promise.js:604:18)
    at Promise._settlePromise0 (/home/pi/breathe_together/node_modules/bluebird/js/release/promise.js:649:10)
    at Promise._settlePromises (/home/pi/breathe_together/node_modules/bluebird/js/release/promise.js:729:18)
    at _drainQueueStep (/home/pi/breathe_together/node_modules/bluebird/js/release/async.js:93:12)
    at _drainQueue (/home/pi/breathe_together/node_modules/bluebird/js/release/async.js:86:9)
    at Async._drainQueues (/home/pi/breathe_together/node_modules/bluebird/js/release/async.js:102:5)
    at Immediate.Async.drainQueues [as _onImmediate] (/home/pi/breathe_together/node_modules/bluebird/js/release/async.js:15:14)
    at runCallback (timers.js:705:18)
    at tryOnImmediate (timers.js:676:5)
    at processImmediate (timers.js:658:5)
  code: 'ETELEGRAM',
  response:
   IncomingMessage {
     _readableState:
      ReadableState {
        objectMode: false,
        highWaterMark: 16384,
        buffer: BufferList { head: null, tail: null, length: 0 },
        length: 0,
        pipes: null,
        pipesCount: 0,
        flowing: true,
        ended: true,
        endEmitted: true,
        reading: false,
        sync: true,
        needReadable: false,
        emittedReadable: false,
        readableListening: false,
        resumeScheduled: false,
        paused: false,
        emitClose: true,
        autoDestroy: false,
        destroyed: false,
        defaultEncoding: 'utf8',
        awaitDrain: 0,
        readingMore: true,
        decoder: null,
        encoding: null },
     readable: false,
     _events:
      [Object: null prototype] {
        end: [Array],
        close: [Array],
        data: [Function],
        error: [Function] },
     _eventsCount: 4,
     _maxListeners: undefined,
     socket:
      TLSSocket {
        _tlsOptions: [Object],
        _secureEstablished: true,
        _securePending: false,
        _newSessionPending: false,
        _controlReleased: true,
        _SNICallback: null,
        servername: 'api.telegram.org',
        alpnProtocol: false,
        authorized: true,
        authorizationError: null,
        encrypted: true,
        _events: [Object],
        _eventsCount: 8,
        connecting: false,
        _hadError: false,
        _handle: [TLSWrap],
        _parent: null,
        _host: 'api.telegram.org',
        _readableState: [ReadableState],
        readable: true,
        _maxListeners: undefined,
        _writableState: [WritableState],
        writable: true,
        allowHalfOpen: false,
        _sockname: null,
        _pendingData: null,
        _pendingEncoding: '',
        server: undefined,
        _server: null,
        ssl: [TLSWrap],
        _requestCert: true,
        _rejectUnauthorized: true,
        parser: null,
        _httpMessage: null,
        [Symbol(res)]: [TLSWrap],
        [Symbol(asyncId)]: -1,
        [Symbol(lastWriteQueueSize)]: 0,
        [Symbol(timeout)]: null,
        [Symbol(kBytesRead)]: 0,
        [Symbol(kBytesWritten)]: 0,
        [Symbol(connect-options)]: [Object] },
     connection:
      TLSSocket {
        _tlsOptions: [Object],
        _secureEstablished: true,
        _securePending: false,
        _newSessionPending: false,
        _controlReleased: true,
        _SNICallback: null,
        servername: 'api.telegram.org',
        alpnProtocol: false,
        authorized: true,
        authorizationError: null,
        encrypted: true,
        _events: [Object],
        _eventsCount: 8,
        connecting: false,
        _hadError: false,
        _handle: [TLSWrap],
        _parent: null,
        _host: 'api.telegram.org',
        _readableState: [ReadableState],
        readable: true,
        _maxListeners: undefined,
        _writableState: [WritableState],
        writable: true,
        allowHalfOpen: false,
        _sockname: null,
        _pendingData: null,
        _pendingEncoding: '',
        server: undefined,
        _server: null,
        ssl: [TLSWrap],
        _requestCert: true,
        _rejectUnauthorized: true,
        parser: null,
        _httpMessage: null,
        [Symbol(res)]: [TLSWrap],
        [Symbol(asyncId)]: -1,
        [Symbol(lastWriteQueueSize)]: 0,
        [Symbol(timeout)]: null,
        [Symbol(kBytesRead)]: 0,
        [Symbol(kBytesWritten)]: 0,
        [Symbol(connect-options)]: [Object] },
     httpVersionMajor: 1,
     httpVersionMinor: 1,
     httpVersion: '1.1',
     complete: true,
     headers:
      { server: 'nginx/1.16.1',
        date: 'Tue, 28 Apr 2020 22:24:53 GMT',
        'content-type': 'application/json',
        'content-length': '143',
        connection: 'keep-alive',
        'strict-transport-security': 'max-age=31536000; includeSubDomains; preload',
        'access-control-allow-origin': '*',
        'access-control-expose-headers': 'Content-Length,Content-Type,Date,Server,Connection' },
     rawHeaders:
      [ 'Server',
        'nginx/1.16.1',
        'Date',
        'Tue, 28 Apr 2020 22:24:53 GMT',
        'Content-Type',
        'application/json',
        'Content-Length',
        '143',
        'Connection',
        'keep-alive',
        'Strict-Transport-Security',
        'max-age=31536000; includeSubDomains; preload',
        'Access-Control-Allow-Origin',
        '*',
        'Access-Control-Expose-Headers',
        'Content-Length,Content-Type,Date,Server,Connection' ],
     trailers: {},
     rawTrailers: [],
     aborted: false,
     upgrade: false,
     url: '',
     method: null,
     statusCode: 409,
     statusMessage: 'Conflict',
     client:
      TLSSocket {
        _tlsOptions: [Object],
        _secureEstablished: true,
        _securePending: false,
        _newSessionPending: false,
        _controlReleased: true,
        _SNICallback: null,
        servername: 'api.telegram.org',
        alpnProtocol: false,
        authorized: true,
        authorizationError: null,
        encrypted: true,
        _events: [Object],
        _eventsCount: 8,
        connecting: false,
        _hadError: false,
        _handle: [TLSWrap],
        _parent: null,
        _host: 'api.telegram.org',
        _readableState: [ReadableState],
        readable: true,
        _maxListeners: undefined,
        _writableState: [WritableState],
        writable: true,
        allowHalfOpen: false,
        _sockname: null,
        _pendingData: null,
        _pendingEncoding: '',
        server: undefined,
        _server: null,
        ssl: [TLSWrap],
        _requestCert: true,
        _rejectUnauthorized: true,
        parser: null,
        _httpMessage: null,
        [Symbol(res)]: [TLSWrap],
        [Symbol(asyncId)]: -1,
        [Symbol(lastWriteQueueSize)]: 0,
        [Symbol(timeout)]: null,
        [Symbol(kBytesRead)]: 0,
        [Symbol(kBytesWritten)]: 0,
        [Symbol(connect-options)]: [Object] },
     _consuming: false,
     _dumped: false,
     req:
      ClientRequest {
        _events: [Object],
        _eventsCount: 5,
        _maxListeners: undefined,
        output: [],
        outputEncodings: [],
        outputCallbacks: [],
        outputSize: 0,
        writable: true,
        _last: false,
        chunkedEncoding: false,
        shouldKeepAlive: true,
        useChunkedEncodingByDefault: true,
        sendDate: false,
        _removedConnection: false,
        _removedContLen: false,
        _removedTE: false,
        _contentLength: null,
        _hasBody: true,
        _trailer: '',
        finished: true,
        _headerSent: true,
        socket: [TLSSocket],
        connection: [TLSSocket],
        _header:
         'POST /bot1185601349:AAHDfKkOzF0OAeIWVMUJvtR_0tV9pyt63wM/getUpdates HTTP/1.1\r\nhost: api.telegram.org\r\ncontent-type: application/x-www-form-urlencoded\r\ncontent-length: 19\r\nConnection: keep-alive\r\n\r\n',
        _onPendingData: [Function: noopPendingOutput],
        agent: [Agent],
        socketPath: undefined,
        timeout: undefined,
        method: 'POST',
        insecureHTTPParser: undefined,
        path:
         '/bot1185601349:AAHDfKkOzF0OAeIWVMUJvtR_0tV9pyt63wM/getUpdates',
        _ended: true,
        res: [Circular],
        aborted: undefined,
        timeoutCb: null,
        upgradeOrConnect: false,
        parser: null,
        maxHeadersCount: null,
        [Symbol(isCorked)]: false,
        [Symbol(outHeadersKey)]: [Object] },
     request:
      Request {
        _events: [Object],
        _eventsCount: 5,
        _maxListeners: undefined,
        method: 'POST',
        simple: false,
        resolveWithFullResponse: true,
        forever: true,
        readable: true,
        writable: true,
        explicitMethod: true,
        _qs: [Querystring],
        _auth: [Auth],
        _oauth: [OAuth],
        _multipart: [Multipart],
        _redirect: [Redirect],
        _tunnel: [Tunnel],
        _rp_resolve: [Function],
        _rp_reject: [Function],
        _rp_promise: [Promise],
        _rp_callbackOrig: undefined,
        callback: [Function],
        _rp_options: [Object],
        headers: [Object],
        setHeader: [Function],
        hasHeader: [Function],
        getHeader: [Function],
        removeHeader: [Function],
        localAddress: undefined,
        pool: [Object],
        dests: [],
        __isRequestRequest: true,
        _callback: [Function: RP$callback],
        uri: [Url],
        proxy: null,
        tunnel: true,
        setHost: true,
        originalCookieHeader: undefined,
        _disableCookies: true,
        _jar: undefined,
        port: 443,
        host: 'api.telegram.org',
        body: 'offset=0&timeout=10',
        path:
         '/bot1185601349:AAHDfKkOzF0OAeIWVMUJvtR_0tV9pyt63wM/getUpdates',
        httpModule: [Object],
        agentClass: [Function],
        agentOptions: [Object],
        agent: [Agent],
        _started: true,
        href:
         'https://api.telegram.org/bot1185601349:AAHDfKkOzF0OAeIWVMUJvtR_0tV9pyt63wM/getUpdates',
        req: [ClientRequest],
        ntick: true,
        response: [Circular],
        originalHost: 'api.telegram.org',
        originalHostHeaderName: 'host',
        responseContent: [Circular],
        _destdata: true,
        _ended: true,
        _callbackCalled: true },
     toJSON: [Function: responseToJSON],
     caseless: Caseless { dict: [Object] },
     body:
      { ok: false,
        error_code: 409,
        description:
         'Conflict: terminated by other getUpdates request; make sure that only one bot instance is running' } } }
{ Error: ETELEGRAM: 409 Conflict: terminated by other getUpdates request; make sure that only one bot instance is running
    at request.then.resp (/home/pi/breathe_together/node_modules/node-telegram-bot-api/src/telegram.js:280:15)
    at tryCatcher (/home/pi/breathe_together/node_modules/bluebird/js/release/util.js:16:23)
    at Promise._settlePromiseFromHandler (/home/pi/breathe_together/node_modules/bluebird/js/release/promise.js:547:31)
    at Promise._settlePromise (/home/pi/breathe_together/node_modules/bluebird/js/release/promise.js:604:18)
    at Promise._settlePromise0 (/home/pi/breathe_together/node_modules/bluebird/js/release/promise.js:649:10)
    at Promise._settlePromises (/home/pi/breathe_together/node_modules/bluebird/js/release/promise.js:729:18)
    at _drainQueueStep (/home/pi/breathe_together/node_modules/bluebird/js/release/async.js:93:12)
    at _drainQueue (/home/pi/breathe_together/node_modules/bluebird/js/release/async.js:86:9)
    at Async._drainQueues (/home/pi/breathe_together/node_modules/bluebird/js/release/async.js:102:5)
    at Immediate.Async.drainQueues [as _onImmediate] (/home/pi/breathe_together/node_modules/bluebird/js/release/async.js:15:14)
    at runCallback (timers.js:705:18)
    at tryOnImmediate (timers.js:676:5)
    at processImmediate (timers.js:658:5)
  code: 'ETELEGRAM',
  response:
   IncomingMessage {
     _readableState:
      ReadableState {
        objectMode: false,
        highWaterMark: 16384,
        buffer: BufferList { head: null, tail: null, length: 0 },
        length: 0,
        pipes: null,
        pipesCount: 0,
        flowing: true,
        ended: true,
        endEmitted: true,
        reading: false,
        sync: true,
        needReadable: false,
        emittedReadable: false,
        readableListening: false,
        resumeScheduled: false,
        paused: false,
        emitClose: true,
        autoDestroy: false,
        destroyed: false,
        defaultEncoding: 'utf8',
        awaitDrain: 0,
        readingMore: true,
        decoder: null,
        encoding: null },
     readable: false,
     _events:
      [Object: null prototype] {
        end: [Array],
        close: [Array],
        data: [Function],
        error: [Function] },
     _eventsCount: 4,
     _maxListeners: undefined,
     socket:
      TLSSocket {
        _tlsOptions: [Object],
        _secureEstablished: true,
        _securePending: false,
        _newSessionPending: false,
        _controlReleased: true,
        _SNICallback: null,
        servername: 'api.telegram.org',
        alpnProtocol: false,
        authorized: true,
        authorizationError: null,
        encrypted: true,
        _events: [Object],
        _eventsCount: 8,
        connecting: false,
        _hadError: false,
        _handle: [TLSWrap],
        _parent: null,
        _host: 'api.telegram.org',
        _readableState: [ReadableState],
        readable: true,
        _maxListeners: undefined,
        _writableState: [WritableState],
        writable: true,
        allowHalfOpen: false,
        _sockname: null,
        _pendingData: null,
        _pendingEncoding: '',
        server: undefined,
        _server: null,
        ssl: [TLSWrap],
        _requestCert: true,
        _rejectUnauthorized: true,
        parser: null,
        _httpMessage: null,
        [Symbol(res)]: [TLSWrap],
        [Symbol(asyncId)]: -1,
        [Symbol(lastWriteQueueSize)]: 0,
        [Symbol(timeout)]: null,
        [Symbol(kBytesRead)]: 0,
        [Symbol(kBytesWritten)]: 0,
        [Symbol(connect-options)]: [Object] },
     connection:
      TLSSocket {
        _tlsOptions: [Object],
        _secureEstablished: true,
        _securePending: false,
        _newSessionPending: false,
        _controlReleased: true,
        _SNICallback: null,
        servername: 'api.telegram.org',
        alpnProtocol: false,
        authorized: true,
        authorizationError: null,
        encrypted: true,
        _events: [Object],
        _eventsCount: 8,
        connecting: false,
        _hadError: false,
        _handle: [TLSWrap],
        _parent: null,
        _host: 'api.telegram.org',
        _readableState: [ReadableState],
        readable: true,
        _maxListeners: undefined,
        _writableState: [WritableState],
        writable: true,
        allowHalfOpen: false,
        _sockname: null,
        _pendingData: null,
        _pendingEncoding: '',
        server: undefined,
        _server: null,
        ssl: [TLSWrap],
        _requestCert: true,
        _rejectUnauthorized: true,
        parser: null,
        _httpMessage: null,
        [Symbol(res)]: [TLSWrap],
        [Symbol(asyncId)]: -1,
        [Symbol(lastWriteQueueSize)]: 0,
        [Symbol(timeout)]: null,
        [Symbol(kBytesRead)]: 0,
        [Symbol(kBytesWritten)]: 0,
        [Symbol(connect-options)]: [Object] },
     httpVersionMajor: 1,
     httpVersionMinor: 1,
     httpVersion: '1.1',
     complete: true,
     headers:
      { server: 'nginx/1.16.1',
        date: 'Tue, 28 Apr 2020 22:25:00 GMT',
        'content-type': 'application/json',
        'content-length': '143',
        connection: 'keep-alive',
        'strict-transport-security': 'max-age=31536000; includeSubDomains; preload',
        'access-control-allow-origin': '*',
        'access-control-expose-headers': 'Content-Length,Content-Type,Date,Server,Connection' },
     rawHeaders:
      [ 'Server',
        'nginx/1.16.1',
        'Date',
        'Tue, 28 Apr 2020 22:25:00 GMT',
        'Content-Type',
        'application/json',
        'Content-Length',
        '143',
        'Connection',
        'keep-alive',
        'Strict-Transport-Security',
        'max-age=31536000; includeSubDomains; preload',
        'Access-Control-Allow-Origin',
        '*',
        'Access-Control-Expose-Headers',
        'Content-Length,Content-Type,Date,Server,Connection' ],
     trailers: {},
     rawTrailers: [],
     aborted: false,
     upgrade: false,
     url: '',
     method: null,
     statusCode: 409,
     statusMessage: 'Conflict',
     client:
      TLSSocket {
        _tlsOptions: [Object],
        _secureEstablished: true,
        _securePending: false,
        _newSessionPending: false,
        _controlReleased: true,
        _SNICallback: null,
        servername: 'api.telegram.org',
        alpnProtocol: false,
        authorized: true,
        authorizationError: null,
        encrypted: true,
        _events: [Object],
        _eventsCount: 8,
        connecting: false,
        _hadError: false,
        _handle: [TLSWrap],
        _parent: null,
        _host: 'api.telegram.org',
        _readableState: [ReadableState],
        readable: true,
        _maxListeners: undefined,
        _writableState: [WritableState],
        writable: true,
        allowHalfOpen: false,
        _sockname: null,
        _pendingData: null,
        _pendingEncoding: '',
        server: undefined,
        _server: null,
        ssl: [TLSWrap],
        _requestCert: true,
        _rejectUnauthorized: true,
        parser: null,
        _httpMessage: null,
        [Symbol(res)]: [TLSWrap],
        [Symbol(asyncId)]: -1,
        [Symbol(lastWriteQueueSize)]: 0,
        [Symbol(timeout)]: null,
        [Symbol(kBytesRead)]: 0,
        [Symbol(kBytesWritten)]: 0,
        [Symbol(connect-options)]: [Object] },
     _consuming: false,
     _dumped: false,
     req:
      ClientRequest {
        _events: [Object],
        _eventsCount: 5,
        _maxListeners: undefined,
        output: [],
        outputEncodings: [],
        outputCallbacks: [],
        outputSize: 0,
        writable: true,
        _last: false,
        chunkedEncoding: false,
        shouldKeepAlive: true,
        useChunkedEncodingByDefault: true,
        sendDate: false,
        _removedConnection: false,
        _removedContLen: false,
        _removedTE: false,
        _contentLength: null,
        _hasBody: true,
        _trailer: '',
        finished: true,
        _headerSent: true,
        socket: [TLSSocket],
        connection: [TLSSocket],
        _header:
         'POST /bot1185601349:AAHDfKkOzF0OAeIWVMUJvtR_0tV9pyt63wM/getUpdates HTTP/1.1\r\nhost: api.telegram.org\r\ncontent-type: application/x-www-form-urlencoded\r\ncontent-length: 19\r\nConnection: keep-alive\r\n\r\n',
        _onPendingData: [Function: noopPendingOutput],
        agent: [Agent],
        socketPath: undefined,
        timeout: undefined,
        method: 'POST',
        insecureHTTPParser: undefined,
        path:
         '/bot1185601349:AAHDfKkOzF0OAeIWVMUJvtR_0tV9pyt63wM/getUpdates',
        _ended: true,
        res: [Circular],
        aborted: undefined,
        timeoutCb: null,
        upgradeOrConnect: false,
        parser: null,
        maxHeadersCount: null,
        [Symbol(isCorked)]: false,
        [Symbol(outHeadersKey)]: [Object] },
     request:
      Request {
        _events: [Object],
        _eventsCount: 5,
        _maxListeners: undefined,
        method: 'POST',
        simple: false,
        resolveWithFullResponse: true,
        forever: true,
        readable: true,
        writable: true,
        explicitMethod: true,
        _qs: [Querystring],
        _auth: [Auth],
        _oauth: [OAuth],
        _multipart: [Multipart],
        _redirect: [Redirect],
        _tunnel: [Tunnel],
        _rp_resolve: [Function],
        _rp_reject: [Function],
        _rp_promise: [Promise],
        _rp_callbackOrig: undefined,
        callback: [Function],
        _rp_options: [Object],
        headers: [Object],
        setHeader: [Function],
        hasHeader: [Function],
        getHeader: [Function],
        removeHeader: [Function],
        localAddress: undefined,
        pool: [Object],
        dests: [],
        __isRequestRequest: true,
        _callback: [Function: RP$callback],
        uri: [Url],
        proxy: null,
        tunnel: true,
        setHost: true,
        originalCookieHeader: undefined,
        _disableCookies: true,
        _jar: undefined,
        port: 443,
        host: 'api.telegram.org',
        body: 'offset=0&timeout=10',
        path:
         '/bot1185601349:AAHDfKkOzF0OAeIWVMUJvtR_0tV9pyt63wM/getUpdates',
        httpModule: [Object],
        agentClass: [Function],
        agentOptions: [Object],
        agent: [Agent],
        _started: true,
        href:
         'https://api.telegram.org/bot1185601349:AAHDfKkOzF0OAeIWVMUJvtR_0tV9pyt63wM/getUpdates',
        req: [ClientRequest],
        ntick: true,
        response: [Circular],
        originalHost: 'api.telegram.org',
        originalHostHeaderName: 'host',
        responseContent: [Circular],
        _destdata: true,
        _ended: true,
        _callbackCalled: true },
     toJSON: [Function: responseToJSON],
     caseless: Caseless { dict: [Object] },
     body:
      { ok: false,
        error_code: 409,
        description:
         'Conflict: terminated by other getUpdates request; make sure that only one bot instance is running' } } }
{ Error: ETELEGRAM: 409 Conflict: terminated by other getUpdates request; make sure that only one bot instance is running
    at request.then.resp (/home/pi/breathe_together/node_modules/node-telegram-bot-api/src/telegram.js:280:15)
    at tryCatcher (/home/pi/breathe_together/node_modules/bluebird/js/release/util.js:16:23)
    at Promise._settlePromiseFromHandler (/home/pi/breathe_together/node_modules/bluebird/js/release/promise.js:547:31)
    at Promise._settlePromise (/home/pi/breathe_together/node_modules/bluebird/js/release/promise.js:604:18)
    at Promise._settlePromise0 (/home/pi/breathe_together/node_modules/bluebird/js/release/promise.js:649:10)
    at Promise._settlePromises (/home/pi/breathe_together/node_modules/bluebird/js/release/promise.js:729:18)
    at _drainQueueStep (/home/pi/breathe_together/node_modules/bluebird/js/release/async.js:93:12)
    at _drainQueue (/home/pi/breathe_together/node_modules/bluebird/js/release/async.js:86:9)
    at Async._drainQueues (/home/pi/breathe_together/node_modules/bluebird/js/release/async.js:102:5)
    at Immediate.Async.drainQueues [as _onImmediate] (/home/pi/breathe_together/node_modules/bluebird/js/release/async.js:15:14)
    at runCallback (timers.js:705:18)
    at tryOnImmediate (timers.js:676:5)
    at processImmediate (timers.js:658:5)
  code: 'ETELEGRAM',
  response:
   IncomingMessage {
     _readableState:
      ReadableState {
        objectMode: false,
        highWaterMark: 16384,
        buffer: BufferList { head: null, tail: null, length: 0 },
        length: 0,
        pipes: null,
        pipesCount: 0,
        flowing: true,
        ended: true,
        endEmitted: true,
        reading: false,
        sync: true,
        needReadable: false,
        emittedReadable: false,
        readableListening: false,
        resumeScheduled: false,
        paused: false,
        emitClose: true,
        autoDestroy: false,
        destroyed: false,
        defaultEncoding: 'utf8',
        awaitDrain: 0,
        readingMore: true,
        decoder: null,
        encoding: null },
     readable: false,
     _events:
      [Object: null prototype] {
        end: [Array],
        close: [Array],
        data: [Function],
        error: [Function] },
     _eventsCount: 4,
     _maxListeners: undefined,
     socket:
      TLSSocket {
        _tlsOptions: [Object],
        _secureEstablished: true,
        _securePending: false,
        _newSessionPending: false,
        _controlReleased: true,
        _SNICallback: null,
        servername: 'api.telegram.org',
        alpnProtocol: false,
        authorized: true,
        authorizationError: null,
        encrypted: true,
        _events: [Object],
        _eventsCount: 8,
        connecting: false,
        _hadError: false,
        _handle: [TLSWrap],
        _parent: null,
        _host: 'api.telegram.org',
        _readableState: [ReadableState],
        readable: true,
        _maxListeners: undefined,
        _writableState: [WritableState],
        writable: true,
        allowHalfOpen: false,
        _sockname: null,
        _pendingData: null,
        _pendingEncoding: '',
        server: undefined,
        _server: null,
        ssl: [TLSWrap],
        _requestCert: true,
        _rejectUnauthorized: true,
        parser: null,
        _httpMessage: null,
        [Symbol(res)]: [TLSWrap],
        [Symbol(asyncId)]: -1,
        [Symbol(lastWriteQueueSize)]: 0,
        [Symbol(timeout)]: null,
        [Symbol(kBytesRead)]: 0,
        [Symbol(kBytesWritten)]: 0,
        [Symbol(connect-options)]: [Object] },
     connection:
      TLSSocket {
        _tlsOptions: [Object],
        _secureEstablished: true,
        _securePending: false,
        _newSessionPending: false,
        _controlReleased: true,
        _SNICallback: null,
        servername: 'api.telegram.org',
        alpnProtocol: false,
        authorized: true,
        authorizationError: null,
        encrypted: true,
        _events: [Object],
        _eventsCount: 8,
        connecting: false,
        _hadError: false,
        _handle: [TLSWrap],
        _parent: null,
        _host: 'api.telegram.org',
        _readableState: [ReadableState],
        readable: true,
        _maxListeners: undefined,
        _writableState: [WritableState],
        writable: true,
        allowHalfOpen: false,
        _sockname: null,
        _pendingData: null,
        _pendingEncoding: '',
        server: undefined,
        _server: null,
        ssl: [TLSWrap],
        _requestCert: true,
        _rejectUnauthorized: true,
        parser: null,
        _httpMessage: null,
        [Symbol(res)]: [TLSWrap],
        [Symbol(asyncId)]: -1,
        [Symbol(lastWriteQueueSize)]: 0,
        [Symbol(timeout)]: null,
        [Symbol(kBytesRead)]: 0,
        [Symbol(kBytesWritten)]: 0,
        [Symbol(connect-options)]: [Object] },
     httpVersionMajor: 1,
     httpVersionMinor: 1,
     httpVersion: '1.1',
     complete: true,
     headers:
      { server: 'nginx/1.16.1',
        date: 'Tue, 28 Apr 2020 22:25:06 GMT',
        'content-type': 'application/json',
        'content-length': '143',
        connection: 'keep-alive',
        'strict-transport-security': 'max-age=31536000; includeSubDomains; preload',
        'access-control-allow-origin': '*',
        'access-control-expose-headers': 'Content-Length,Content-Type,Date,Server,Connection' },
     rawHeaders:
      [ 'Server',
        'nginx/1.16.1',
        'Date',
        'Tue, 28 Apr 2020 22:25:06 GMT',
        'Content-Type',
        'application/json',
        'Content-Length',
        '143',
        'Connection',
        'keep-alive',
        'Strict-Transport-Security',
        'max-age=31536000; includeSubDomains; preload',
        'Access-Control-Allow-Origin',
        '*',
        'Access-Control-Expose-Headers',
        'Content-Length,Content-Type,Date,Server,Connection' ],
     trailers: {},
     rawTrailers: [],
     aborted: false,
     upgrade: false,
     url: '',
     method: null,
     statusCode: 409,
     statusMessage: 'Conflict',
     client:
      TLSSocket {
        _tlsOptions: [Object],
        _secureEstablished: true,
        _securePending: false,
        _newSessionPending: false,
        _controlReleased: true,
        _SNICallback: null,
        servername: 'api.telegram.org',
        alpnProtocol: false,
        authorized: true,
        authorizationError: null,
        encrypted: true,
        _events: [Object],
        _eventsCount: 8,
        connecting: false,
        _hadError: false,
        _handle: [TLSWrap],
        _parent: null,
        _host: 'api.telegram.org',
        _readableState: [ReadableState],
        readable: true,
        _maxListeners: undefined,
        _writableState: [WritableState],
        writable: true,
        allowHalfOpen: false,
        _sockname: null,
        _pendingData: null,
        _pendingEncoding: '',
        server: undefined,
        _server: null,
        ssl: [TLSWrap],
        _requestCert: true,
        _rejectUnauthorized: true,
        parser: null,
        _httpMessage: null,
        [Symbol(res)]: [TLSWrap],
        [Symbol(asyncId)]: -1,
        [Symbol(lastWriteQueueSize)]: 0,
        [Symbol(timeout)]: null,
        [Symbol(kBytesRead)]: 0,
        [Symbol(kBytesWritten)]: 0,
        [Symbol(connect-options)]: [Object] },
     _consuming: false,
     _dumped: false,
     req:
      ClientRequest {
        _events: [Object],
        _eventsCount: 5,
        _maxListeners: undefined,
        output: [],
        outputEncodings: [],
        outputCallbacks: [],
        outputSize: 0,
        writable: true,
        _last: false,
        chunkedEncoding: false,
        shouldKeepAlive: true,
        useChunkedEncodingByDefault: true,
        sendDate: false,
        _removedConnection: false,
        _removedContLen: false,
        _removedTE: false,
        _contentLength: null,
        _hasBody: true,
        _trailer: '',
        finished: true,
        _headerSent: true,
        socket: [TLSSocket],
        connection: [TLSSocket],
        _header:
         'POST /bot1185601349:AAHDfKkOzF0OAeIWVMUJvtR_0tV9pyt63wM/getUpdates HTTP/1.1\r\nhost: api.telegram.org\r\ncontent-type: application/x-www-form-urlencoded\r\ncontent-length: 19\r\nConnection: keep-alive\r\n\r\n',
        _onPendingData: [Function: noopPendingOutput],
        agent: [Agent],
        socketPath: undefined,
        timeout: undefined,
        method: 'POST',
        insecureHTTPParser: undefined,
        path:
         '/bot1185601349:AAHDfKkOzF0OAeIWVMUJvtR_0tV9pyt63wM/getUpdates',
        _ended: true,
        res: [Circular],
        aborted: undefined,
        timeoutCb: null,
        upgradeOrConnect: false,
        parser: null,
        maxHeadersCount: null,
        [Symbol(isCorked)]: false,
        [Symbol(outHeadersKey)]: [Object] },
     request:
      Request {
        _events: [Object],
        _eventsCount: 5,
        _maxListeners: undefined,
        method: 'POST',
        simple: false,
        resolveWithFullResponse: true,
        forever: true,
        readable: true,
        writable: true,
        explicitMethod: true,
        _qs: [Querystring],
        _auth: [Auth],
        _oauth: [OAuth],
        _multipart: [Multipart],
        _redirect: [Redirect],
        _tunnel: [Tunnel],
        _rp_resolve: [Function],
        _rp_reject: [Function],
        _rp_promise: [Promise],
        _rp_callbackOrig: undefined,
        callback: [Function],
        _rp_options: [Object],
        headers: [Object],
        setHeader: [Function],
        hasHeader: [Function],
        getHeader: [Function],
        removeHeader: [Function],
        localAddress: undefined,
        pool: [Object],
        dests: [],
        __isRequestRequest: true,
        _callback: [Function: RP$callback],
        uri: [Url],
        proxy: null,
        tunnel: true,
        setHost: true,
        originalCookieHeader: undefined,
        _disableCookies: true,
        _jar: undefined,
        port: 443,
        host: 'api.telegram.org',
        body: 'offset=0&timeout=10',
        path:
         '/bot1185601349:AAHDfKkOzF0OAeIWVMUJvtR_0tV9pyt63wM/getUpdates',
        httpModule: [Object],
        agentClass: [Function],
        agentOptions: [Object],
        agent: [Agent],
        _started: true,
        href:
         'https://api.telegram.org/bot1185601349:AAHDfKkOzF0OAeIWVMUJvtR_0tV9pyt63wM/getUpdates',
        req: [ClientRequest],
        ntick: true,
        response: [Circular],
        originalHost: 'api.telegram.org',
        originalHostHeaderName: 'host',
        responseContent: [Circular],
        _destdata: true,
        _ended: true,
        _callbackCalled: true },
     toJSON: [Function: responseToJSON],
     caseless: Caseless { dict: [Object] },
     body:
      { ok: false,
        error_code: 409,
        description:
         'Conflict: terminated by other getUpdates request; make sure that only one bot instance is running' } } }
